2020-11-22 19:05:15,781 -  nornir.core -     INFO -        run() - Running task 'napalm_get' with args {'getters': ['get_facts']} on 1 hosts
2020-11-22 19:05:15,784 - nornir.core.task -    ERROR -      start() - Host 'Srx1': task 'napalm_get' failed with traceback:
Traceback (most recent call last):
  File "/usr/local/lib/python3.9/site-packages/nornir/core/task.py", line 98, in start
    r = self.task(self, **self.params)
  File "/usr/local/lib/python3.9/site-packages/nornir_napalm/plugins/tasks/napalm_get.py", line 32, in napalm_get
    device = task.host.get_connection(CONNECTION_NAME, task.nornir.config)
  File "/usr/local/lib/python3.9/site-packages/nornir/core/inventory.py", line 440, in get_connection
    self.open_connection(
  File "/usr/local/lib/python3.9/site-packages/nornir/core/inventory.py", line 492, in open_connection
    conn_obj.open(
  File "/usr/local/lib/python3.9/site-packages/nornir_napalm/plugins/connections/__init__.py", line 55, in open
    network_driver = get_network_driver(platform)
  File "/usr/local/lib/python3.9/site-packages/napalm/base/__init__.py", line 68, in get_network_driver
    raise ModuleImportError("Please provide a valid driver name.")
napalm.base.exceptions.ModuleImportError: Please provide a valid driver name.

2020-11-22 19:07:10,715 -  nornir.core -     INFO -        run() - Running task 'napalm_get' with args {'getters': ['get_facts']} on 1 hosts
2020-11-22 19:08:05,071 -  nornir.core -     INFO -        run() - Running task 'napalm_get' with args {'getters': ['get_facts']} on 1 hosts
2020-11-22 19:09:34,201 -  nornir.core -     INFO -        run() - Running task 'napalm_get' with args {'getters': ['get_facts']} on 1 hosts
2020-11-22 19:11:19,688 -  nornir.core -     INFO -        run() - Running task 'napalm_get' with args {'getters': ['get_facts']} on 1 hosts
2020-11-22 19:11:45,547 -  nornir.core -     INFO -        run() - Running task 'napalm_get' with args {'getters': ['get_facts']} on 1 hosts
2020-11-22 19:16:56,107 -  nornir.core -     INFO -        run() - Running task 'napalm_get' with args {'getters': ['get_facts']} on 1 hosts
2020-11-22 19:21:39,346 -  nornir.core -     INFO -        run() - Running task 'napalm_get' with args {'getters': ['get_facts']} on 1 hosts
